f:\relativty\relativty_driver\x64\release\vc142.pdb
f:\relativty\relativty_driver\x64\release\relativty_serverdriver.obj
f:\relativty\relativty_driver\x64\release\relativty_hmddriver.obj
f:\relativty\relativty_driver\x64\release\relativty_embeddedpython.obj
f:\relativty\relativty_driver\x64\release\driverfactory.obj
f:\relativty\relativty_driver\relativty\bin\win64\driver_relativty.dll
f:\relativty\relativty_driver\relativty\bin\win64\driver_relativty.pdb
f:\relativty\relativty_driver\relativty\bin\win64\driver_relativty.lib
f:\relativty\relativty_driver\relativty\bin\win64\driver_relativty.exp
f:\relativty\relativty_driver\relativty\bin\win64\driver_relativty.ipdb
f:\relativty\relativty_driver\relativty\bin\win64\driver_relativty.iobj
f:\relativty\relativty_driver\x64\release\hid.obj
f:\relativty\relativty_driver\x64\release\hidapi.pdb
f:\relativty\relativty_driver\x64\release\relativty_driver.tlog\cl.read.1.tlog
f:\relativty\relativty_driver\x64\release\relativty_driver.tlog\cl.write.1.tlog
f:\relativty\relativty_driver\x64\release\relativty_driver.tlog\cl.command.1.tlog
f:\relativty\relativty_driver\x64\release\relativty_driver.tlog\link.read.1.tlog
f:\relativty\relativty_driver\x64\release\relativty_driver.tlog\link.write.1.tlog
f:\relativty\relativty_driver\x64\release\relativty_driver.tlog\link.command.1.tlog
f:\relativty\relativty_driver\x64\release\relativty_driver.tlog\relativty_driver.write.1u.tlog
